[
    {
        "Id": "e6ce92c4b924811c525d7d3fb0ea82ba787e2d3ee8d1cfa08ac88075b21c3432",
        "Created": "2023-09-29T17:01:18.788644317Z",
        "Path": "uvicorn",
        "Args": [
            "main:app",
            "--host",
            "127.0.0.1",
            "--port",
            "8000"
        ],
        "State": {
            "Status": "running",
            "Running": true,
            "Paused": false,
            "Restarting": false,
            "OOMKilled": false,
            "Dead": false,
            "Pid": 111382,
            "ExitCode": 0,
            "Error": "",
            "StartedAt": "2023-09-29T17:01:19.649864135Z",
            "FinishedAt": "0001-01-01T00:00:00Z"
        },
        "Image": "sha256:70e17866c1f2782bedb44bfc475d799348b909448a01662c1eb549b73b32fc9f",
        "ResolvConfPath": "/var/lib/docker/containers/e6ce92c4b924811c525d7d3fb0ea82ba787e2d3ee8d1cfa08ac88075b21c3432/resolv.conf",
        "HostnamePath": "/var/lib/docker/containers/e6ce92c4b924811c525d7d3fb0ea82ba787e2d3ee8d1cfa08ac88075b21c3432/hostname",
        "HostsPath": "/var/lib/docker/containers/e6ce92c4b924811c525d7d3fb0ea82ba787e2d3ee8d1cfa08ac88075b21c3432/hosts",
        "LogPath": "/var/lib/docker/containers/e6ce92c4b924811c525d7d3fb0ea82ba787e2d3ee8d1cfa08ac88075b21c3432/e6ce92c4b924811c525d7d3fb0ea82ba787e2d3ee8d1cfa08ac88075b21c3432-json.log",
        "Name": "/heuristic_ptolemy",
        "RestartCount": 0,
        "Driver": "overlay2",
        "Platform": "linux",
        "MountLabel": "",
        "ProcessLabel": "",
        "AppArmorProfile": "docker-default",
        "ExecIDs": null,
        "HostConfig": {
            "Binds": null,
            "ContainerIDFile": "",
            "LogConfig": {
                "Type": "json-file",
                "Config": {}
            },
            "NetworkMode": "default",
            "PortBindings": {},
            "RestartPolicy": {
                "Name": "no",
                "MaximumRetryCount": 0
            },
            "AutoRemove": false,
            "VolumeDriver": "",
            "VolumesFrom": null,
            "ConsoleSize": [
                32,
                128
            ],
            "CapAdd": null,
            "CapDrop": null,
            "CgroupnsMode": "private",
            "Dns": [],
            "DnsOptions": [],
            "DnsSearch": [],
            "ExtraHosts": null,
            "GroupAdd": null,
            "IpcMode": "private",
            "Cgroup": "",
            "Links": null,
            "OomScoreAdj": 0,
            "PidMode": "",
            "Privileged": false,
            "PublishAllPorts": false,
            "ReadonlyRootfs": false,
            "SecurityOpt": null,
            "UTSMode": "",
            "UsernsMode": "",
            "ShmSize": 67108864,
            "Runtime": "runc",
            "Isolation": "",
            "CpuShares": 0,
            "Memory": 0,
            "NanoCpus": 0,
            "CgroupParent": "",
            "BlkioWeight": 0,
            "BlkioWeightDevice": [],
            "BlkioDeviceReadBps": [],
            "BlkioDeviceWriteBps": [],
            "BlkioDeviceReadIOps": [],
            "BlkioDeviceWriteIOps": [],
            "CpuPeriod": 0,
            "CpuQuota": 0,
            "CpuRealtimePeriod": 0,
            "CpuRealtimeRuntime": 0,
            "CpusetCpus": "",
            "CpusetMems": "",
            "Devices": [],
            "DeviceCgroupRules": null,
            "DeviceRequests": null,
            "MemoryReservation": 0,
            "MemorySwap": 0,
            "MemorySwappiness": null,
            "OomKillDisable": null,
            "PidsLimit": null,
            "Ulimits": null,
            "CpuCount": 0,
            "CpuPercent": 0,
            "IOMaximumIOps": 0,
            "IOMaximumBandwidth": 0,
            "MaskedPaths": [
                "/proc/asound",
                "/proc/acpi",
                "/proc/kcore",
                "/proc/keys",
                "/proc/latency_stats",
                "/proc/timer_list",
                "/proc/timer_stats",
                "/proc/sched_debug",
                "/proc/scsi",
                "/sys/firmware"
            ],
            "ReadonlyPaths": [
                "/proc/bus",
                "/proc/fs",
                "/proc/irq",
                "/proc/sys",
                "/proc/sysrq-trigger"
            ]
        },
        "GraphDriver": {
            "Data": {
                "LowerDir": "/var/lib/docker/overlay2/3c450d31c8d34935bb44078e10d9e53a67428c014ccb7cbdea94ec3ed2637eb7-init/diff:/var/lib/docker/overlay2/xp1hf47uyt3x63fl4pdtp3zgx/diff:/var/lib/docker/overlay2/gabp6zy4lgxvbeyddlewxl8sd/diff:/var/lib/docker/overlay2/661ef9b04b3e4c9a8bd4a862040dbbae4b481cddc93aa4fb7fd97a11c184d949/diff:/var/lib/docker/overlay2/01967148483a4965e95f257ecbcaca6cb37a782a5632c8699cc47e6ae65216c4/diff:/var/lib/docker/overlay2/27a1789a8ed2323ca1c7bd2bb2e45d939d290df1632d4f2b6398d0779f7b743e/diff:/var/lib/docker/overlay2/96a5b17af8be92df87a5169af587e0ec956d796d5d8db5425dbb0628520ea3ff/diff:/var/lib/docker/overlay2/1ce36a60fddb26ee5882a06d9f23586dd0f2f49b298e1882ee7684957d6ff64c/diff:/var/lib/docker/overlay2/70ccfb23ffc8630dbd8a1e2e7eb5504c2e969b06970db90bcd27ec485e04aec0/diff:/var/lib/docker/overlay2/18ec26bb9dd690c89ff3c3ccb31cfae9aac550a478508f81b2f64873ddfd8770/diff:/var/lib/docker/overlay2/1899d9e2fc41ac0c32f93981493c0408f2a76c02ccb3a7c9dde76fd8546d9eea/diff",
                "MergedDir": "/var/lib/docker/overlay2/3c450d31c8d34935bb44078e10d9e53a67428c014ccb7cbdea94ec3ed2637eb7/merged",
                "UpperDir": "/var/lib/docker/overlay2/3c450d31c8d34935bb44078e10d9e53a67428c014ccb7cbdea94ec3ed2637eb7/diff",
                "WorkDir": "/var/lib/docker/overlay2/3c450d31c8d34935bb44078e10d9e53a67428c014ccb7cbdea94ec3ed2637eb7/work"
            },
            "Name": "overlay2"
        },
        "Mounts": [],
        "Config": {
            "Hostname": "e6ce92c4b924",
            "Domainname": "",
            "User": "",
            "AttachStdin": true,
            "AttachStdout": true,
            "AttachStderr": true,
            "ExposedPorts": {
                "8000/tcp": {}
            },
            "Tty": true,
            "OpenStdin": true,
            "StdinOnce": true,
            "Env": [
                "PATH=/usr/local/bin:/usr/local/sbin:/usr/local/bin:/usr/sbin:/usr/bin:/sbin:/bin",
                "LANG=C.UTF-8",
                "GPG_KEY=A035C8C19219BA821ECEA86B64E628F8D684696D",
                "PYTHON_VERSION=3.11.5",
                "PYTHON_PIP_VERSION=23.2.1",
                "PYTHON_SETUPTOOLS_VERSION=65.5.1",
                "PYTHON_GET_PIP_URL=https://github.com/pypa/get-pip/raw/9af82b715db434abb94a0a6f3569f43e72157346/public/get-pip.py",
                "PYTHON_GET_PIP_SHA256=45a2bb8bf2bb5eff16fdd00faef6f29731831c7c59bd9fc2bf1f3bed511ff1fe"
            ],
            "Cmd": [
                "uvicorn",
                "main:app",
                "--host",
                "127.0.0.1",
                "--port",
                "8000"
            ],
            "Image": "70e17866c1f2",
            "Volumes": null,
            "WorkingDir": "",
            "Entrypoint": null,
            "OnBuild": null,
            "Labels": {}
        },
        "NetworkSettings": {
            "Bridge": "",
            "SandboxID": "930ba0691b8640095eb94e046d6c739d2a6ca99b540ae3cdfd01c3e0923700d8",
            "HairpinMode": false,
            "LinkLocalIPv6Address": "",
            "LinkLocalIPv6PrefixLen": 0,
            "Ports": {
                "8000/tcp": null
            },
            "SandboxKey": "/var/run/docker/netns/930ba0691b86",
            "SecondaryIPAddresses": null,
            "SecondaryIPv6Addresses": null,
            "EndpointID": "d7ecdcf1419c8ca3bdb0287a5fca374f8325313dc3e61585d874445672f727e7",
            "Gateway": "172.17.0.1",
            "GlobalIPv6Address": "",
            "GlobalIPv6PrefixLen": 0,
            "IPAddress": "172.17.0.2",
            "IPPrefixLen": 16,
            "IPv6Gateway": "",
            "MacAddress": "02:42:ac:11:00:02",
            "Networks": {
                "bridge": {
                    "IPAMConfig": null,
                    "Links": null,
                    "Aliases": null,
                    "NetworkID": "6e859d8585f180baf2ff0fbcb7db189c02a7055bca39f33d01fff8c6ab5f9ec2",
                    "EndpointID": "d7ecdcf1419c8ca3bdb0287a5fca374f8325313dc3e61585d874445672f727e7",
                    "Gateway": "172.17.0.1",
                    "IPAddress": "172.17.0.2",
                    "IPPrefixLen": 16,
                    "IPv6Gateway": "",
                    "GlobalIPv6Address": "",
                    "GlobalIPv6PrefixLen": 0,
                    "MacAddress": "02:42:ac:11:00:02",
                    "DriverOpts": null
                }
            }
        }
    }
]
